<?xml version="1.0" encoding="UTF-8"?>
<testng-results skipped="0" failed="0" total="1" passed="1">
  <reporter-output>
  </reporter-output>
  <suite name="Default suite" duration-ms="33636" started-at="2018-10-26T14:16:28Z" finished-at="2018-10-26T14:17:02Z">
    <groups>
    </groups>
    <test name="Default test" duration-ms="33636" started-at="2018-10-26T14:16:28Z" finished-at="2018-10-26T14:17:02Z">
      <class name="com.crm.qa.testcases.ContactsPageTest">
        <test-method status="PASS" signature="setUp()[pri:0, instance:com.crm.qa.testcases.ContactsPageTest@cc285f4]" name="setUp" is-config="true" duration-ms="29935" started-at="2018-10-26T19:46:28Z" finished-at="2018-10-26T19:46:58Z">
          <reporter-output>
          </reporter-output>
        </test-method> <!-- setUp -->
        <test-method status="PASS" signature="addContactTest()[pri:0, instance:com.crm.qa.testcases.ContactsPageTest@cc285f4]" name="addContactTest" duration-ms="2860" started-at="2018-10-26T19:46:58Z" finished-at="2018-10-26T19:47:01Z">
          <reporter-output>
          </reporter-output>
        </test-method> <!-- addContactTest -->
        <test-method status="PASS" signature="tearDown()[pri:0, instance:com.crm.qa.testcases.ContactsPageTest@cc285f4]" name="tearDown" is-config="true" duration-ms="816" started-at="2018-10-26T19:47:01Z" finished-at="2018-10-26T19:47:02Z">
          <reporter-output>
          </reporter-output>
        </test-method> <!-- tearDown -->
      </class> <!-- com.crm.qa.testcases.ContactsPageTest -->
    </test> <!-- Default test -->
  </suite> <!-- Default suite -->
</testng-results>
